e:\dropbox\src\halflifeadmin\s-line\dlls\adminmod\debugmm\obj\vc141.pdb
e:\dropbox\src\halflifeadmin\s-line\dlls\adminmod\debugmm\obj\vc141.idb
e:\dropbox\src\halflifeadmin\s-line\dlls\adminmod\debugmm\obj\amxconv_l.obj
e:\dropbox\src\halflifeadmin\s-line\dlls\adminmod\debugmm\obj\admin_commands.obj
e:\dropbox\src\halflifeadmin\s-line\dlls\adminmod\debugmm\obj\admin_mod.obj
e:\dropbox\src\halflifeadmin\s-line\dlls\adminmod\debugmm\obj\amfsnode.obj
e:\dropbox\src\halflifeadmin\s-line\dlls\adminmod\debugmm\obj\amutil.obj
e:\dropbox\src\halflifeadmin\s-line\dlls\adminmod\debugmm\obj\authid.obj
e:\dropbox\src\halflifeadmin\s-line\dlls\adminmod\debugmm\obj\cbase.obj
e:\dropbox\src\halflifeadmin\s-line\dlls\adminmod\debugmm\obj\clinklist.obj
e:\dropbox\src\halflifeadmin\s-line\dlls\adminmod\debugmm\obj\cplugin.obj
e:\dropbox\src\halflifeadmin\s-line\dlls\adminmod\debugmm\obj\dll.obj
e:\dropbox\src\halflifeadmin\s-line\dlls\adminmod\debugmm\obj\h_export.obj
e:\dropbox\src\halflifeadmin\s-line\dlls\adminmod\debugmm\obj\statics.obj
e:\dropbox\src\halflifeadmin\s-line\dlls\adminmod\debugmm\obj\sutils.obj
e:\dropbox\src\halflifeadmin\s-line\dlls\adminmod\debugmm\obj\timer.obj
e:\dropbox\src\halflifeadmin\s-line\dlls\adminmod\debugmm\obj\users.obj
e:\dropbox\src\halflifeadmin\s-line\dlls\adminmod\debugmm\obj\util.obj
e:\dropbox\src\halflifeadmin\s-line\dlls\adminmod\debugmm\obj\version.obj
e:\dropbox\src\halflifeadmin\s-line\dlls\adminmod\debugmm\obj\amlibc.obj
e:\dropbox\src\halflifeadmin\s-line\dlls\adminmod\debugmm\obj\regex.obj
e:\dropbox\src\halflifeadmin\s-line\dlls\adminmod\debugmm\adminmm_d.ilk
e:\dropbox\src\halflifeadmin\s-line\dlls\adminmod\debugmm\adminmm_d.dll
e:\dropbox\src\halflifeadmin\s-line\dlls\adminmod\debugmm\mp.pdb
e:\dropbox\src\halflifeadmin\s-line\dlls\adminmod\debugmm\adminmm_d.lib
e:\dropbox\src\halflifeadmin\s-line\dlls\adminmod\debugmm\adminmm_d.exp
e:\dropbox\src\halflifeadmin\s-line\dlls\adminmod\debugmm\obj\adminmod.res
e:\dropbox\src\halflifeadmin\s-line\dlls\adminmod\debugmm\obj\mp.tlog\cl.command.1.tlog
e:\dropbox\src\halflifeadmin\s-line\dlls\adminmod\debugmm\obj\mp.tlog\cl.read.1.tlog
e:\dropbox\src\halflifeadmin\s-line\dlls\adminmod\debugmm\obj\mp.tlog\cl.write.1.tlog
e:\dropbox\src\halflifeadmin\s-line\dlls\adminmod\debugmm\obj\mp.tlog\link.command.1.tlog
e:\dropbox\src\halflifeadmin\s-line\dlls\adminmod\debugmm\obj\mp.tlog\link.read.1.tlog
e:\dropbox\src\halflifeadmin\s-line\dlls\adminmod\debugmm\obj\mp.tlog\link.write.1.tlog
e:\dropbox\src\halflifeadmin\s-line\dlls\adminmod\debugmm\obj\mp.tlog\mp.write.1u.tlog
e:\dropbox\src\halflifeadmin\s-line\dlls\adminmod\debugmm\obj\mp.tlog\rc.command.1.tlog
e:\dropbox\src\halflifeadmin\s-line\dlls\adminmod\debugmm\obj\mp.tlog\rc.read.1.tlog
e:\dropbox\src\halflifeadmin\s-line\dlls\adminmod\debugmm\obj\mp.tlog\rc.write.1.tlog
