e:\dropbox\src\halflifeadmin\s-line\dlls\adminmod\releasemm\obj\vc141.pdb
e:\dropbox\src\halflifeadmin\s-line\dlls\adminmod\releasemm\obj\version.obj
e:\dropbox\src\halflifeadmin\s-line\dlls\adminmod\releasemm\obj\util.obj
e:\dropbox\src\halflifeadmin\s-line\dlls\adminmod\releasemm\obj\users.obj
e:\dropbox\src\halflifeadmin\s-line\dlls\adminmod\releasemm\obj\timer.obj
e:\dropbox\src\halflifeadmin\s-line\dlls\adminmod\releasemm\obj\sutils.obj
e:\dropbox\src\halflifeadmin\s-line\dlls\adminmod\releasemm\obj\statics.obj
e:\dropbox\src\halflifeadmin\s-line\dlls\adminmod\releasemm\obj\h_export.obj
e:\dropbox\src\halflifeadmin\s-line\dlls\adminmod\releasemm\obj\dll.obj
e:\dropbox\src\halflifeadmin\s-line\dlls\adminmod\releasemm\obj\cplugin.obj
e:\dropbox\src\halflifeadmin\s-line\dlls\adminmod\releasemm\obj\clinklist.obj
e:\dropbox\src\halflifeadmin\s-line\dlls\adminmod\releasemm\obj\cbase.obj
e:\dropbox\src\halflifeadmin\s-line\dlls\adminmod\releasemm\obj\authid.obj
e:\dropbox\src\halflifeadmin\s-line\dlls\adminmod\releasemm\obj\amutil.obj
e:\dropbox\src\halflifeadmin\s-line\dlls\adminmod\releasemm\obj\amfsnode.obj
e:\dropbox\src\halflifeadmin\s-line\dlls\adminmod\releasemm\obj\admin_mod.obj
e:\dropbox\src\halflifeadmin\s-line\dlls\adminmod\releasemm\obj\admin_commands.obj
e:\dropbox\src\halflifeadmin\s-line\dlls\adminmod\releasemm\obj\amxconv_l.obj
e:\dropbox\src\halflifeadmin\s-line\dlls\adminmod\releasemm\obj\regex.obj
e:\dropbox\src\halflifeadmin\s-line\dlls\adminmod\releasemm\obj\amlibc.obj
e:\dropbox\src\halflifeadmin\s-line\dlls\adminmod\releasemm\admin_mm.dll
e:\dropbox\src\halflifeadmin\s-line\dlls\adminmod\releasemm\mp.pdb
e:\dropbox\src\halflifeadmin\s-line\dlls\adminmod\releasemm\admin_mm.lib
e:\dropbox\src\halflifeadmin\s-line\dlls\adminmod\releasemm\admin_mm.exp
e:\dropbox\src\halflifeadmin\s-line\dlls\adminmod\releasemm\obj\adminmod.res
e:\dropbox\src\halflifeadmin\s-line\dlls\adminmod\releasemm\obj\mp.tlog\cl.command.1.tlog
e:\dropbox\src\halflifeadmin\s-line\dlls\adminmod\releasemm\obj\mp.tlog\cl.read.1.tlog
e:\dropbox\src\halflifeadmin\s-line\dlls\adminmod\releasemm\obj\mp.tlog\cl.write.1.tlog
e:\dropbox\src\halflifeadmin\s-line\dlls\adminmod\releasemm\obj\mp.tlog\link.command.1.tlog
e:\dropbox\src\halflifeadmin\s-line\dlls\adminmod\releasemm\obj\mp.tlog\link.read.1.tlog
e:\dropbox\src\halflifeadmin\s-line\dlls\adminmod\releasemm\obj\mp.tlog\link.write.1.tlog
e:\dropbox\src\halflifeadmin\s-line\dlls\adminmod\releasemm\obj\mp.tlog\mp.write.1u.tlog
e:\dropbox\src\halflifeadmin\s-line\dlls\adminmod\releasemm\obj\mp.tlog\rc.command.1.tlog
e:\dropbox\src\halflifeadmin\s-line\dlls\adminmod\releasemm\obj\mp.tlog\rc.read.1.tlog
e:\dropbox\src\halflifeadmin\s-line\dlls\adminmod\releasemm\obj\mp.tlog\rc.write.1.tlog
