  amxconv_l.cpp
  admin_commands.cpp
E:\Dropbox\src\hlsdk-2.3-p4\multiplayer\engine\eiface.h(417): warning C4005: 'ARRAYSIZE': macro redefinition
  C:\Program Files (x86)\Windows Kits\10\Include\10.0.15063.0\um\winnt.h(1305): note: see previous definition of 'ARRAYSIZE'
E:\Dropbox\src\hlsdk-2.3-p4\multiplayer\dlls\util.h(249): warning C4091: 'typedef ': ignored on left of '' when no variable is declared
e:\dropbox\src\metamod-p-37\metamod\comp_dep.h(79): warning C4005: 'va_copy': macro redefinition
  C:\Program Files (x86)\Microsoft Visual Studio\2017\Community\VC\Tools\MSVC\14.10.25017\include\stdarg.h(20): note: see previous definition of 'va_copy'
e:\dropbox\src\metamod-p-37\metamod\osdep.h(214): warning C4005: 'sleep': macro redefinition
  e:\dropbox\src\halflifeadmin\s-line\dlls\adminmod\extdll.h(95): note: see previous definition of 'sleep'
e:\dropbox\src\metamod-p-37\metamod\osdep.h(223): warning C4005: 'strcasecmp': macro redefinition
  e:\dropbox\src\halflifeadmin\s-line\dlls\adminmod\extdll.h(96): note: see previous definition of 'strcasecmp'
admin_commands.cpp(1542): warning C4996: 'stricmp': The POSIX name for this item is deprecated. Instead, use the ISO C and C++ conformant name: _stricmp. See online help for details.
  C:\Program Files (x86)\Windows Kits\10\Include\10.0.15063.0\ucrt\string.h(554): note: see declaration of 'stricmp'
admin_commands.cpp(1544): warning C4996: 'stricmp': The POSIX name for this item is deprecated. Instead, use the ISO C and C++ conformant name: _stricmp. See online help for details.
  C:\Program Files (x86)\Windows Kits\10\Include\10.0.15063.0\ucrt\string.h(554): note: see declaration of 'stricmp'
admin_commands.cpp(1546): warning C4996: 'stricmp': The POSIX name for this item is deprecated. Instead, use the ISO C and C++ conformant name: _stricmp. See online help for details.
  C:\Program Files (x86)\Windows Kits\10\Include\10.0.15063.0\ucrt\string.h(554): note: see declaration of 'stricmp'
admin_commands.cpp(2133): warning C4996: 'strnicmp': The POSIX name for this item is deprecated. Instead, use the ISO C and C++ conformant name: _strnicmp. See online help for details.
  C:\Program Files (x86)\Windows Kits\10\Include\10.0.15063.0\ucrt\string.h(565): note: see declaration of 'strnicmp'
admin_commands.cpp(2834): warning C4996: 'stricmp': The POSIX name for this item is deprecated. Instead, use the ISO C and C++ conformant name: _stricmp. See online help for details.
  C:\Program Files (x86)\Windows Kits\10\Include\10.0.15063.0\ucrt\string.h(554): note: see declaration of 'stricmp'
admin_commands.cpp(3569): warning C4996: 'stricmp': The POSIX name for this item is deprecated. Instead, use the ISO C and C++ conformant name: _stricmp. See online help for details.
  C:\Program Files (x86)\Windows Kits\10\Include\10.0.15063.0\ucrt\string.h(554): note: see declaration of 'stricmp'
admin_commands.cpp(3578): warning C4996: 'stricmp': The POSIX name for this item is deprecated. Instead, use the ISO C and C++ conformant name: _stricmp. See online help for details.
  C:\Program Files (x86)\Windows Kits\10\Include\10.0.15063.0\ucrt\string.h(554): note: see declaration of 'stricmp'
  admin_mod.cpp
E:\Dropbox\src\hlsdk-2.3-p4\multiplayer\engine\eiface.h(417): warning C4005: 'ARRAYSIZE': macro redefinition
  C:\Program Files (x86)\Windows Kits\10\Include\10.0.15063.0\um\winnt.h(1305): note: see previous definition of 'ARRAYSIZE'
E:\Dropbox\src\hlsdk-2.3-p4\multiplayer\dlls\util.h(249): warning C4091: 'typedef ': ignored on left of '' when no variable is declared
e:\dropbox\src\metamod-p-37\metamod\comp_dep.h(79): warning C4005: 'va_copy': macro redefinition
  C:\Program Files (x86)\Microsoft Visual Studio\2017\Community\VC\Tools\MSVC\14.10.25017\include\stdarg.h(20): note: see previous definition of 'va_copy'
e:\dropbox\src\metamod-p-37\metamod\osdep.h(214): warning C4005: 'sleep': macro redefinition
  e:\dropbox\src\halflifeadmin\s-line\dlls\adminmod\extdll.h(95): note: see previous definition of 'sleep'
e:\dropbox\src\metamod-p-37\metamod\osdep.h(223): warning C4005: 'strcasecmp': macro redefinition
  e:\dropbox\src\halflifeadmin\s-line\dlls\adminmod\extdll.h(96): note: see previous definition of 'strcasecmp'
C:\Program Files (x86)\Microsoft Visual Studio\2017\Community\VC\Tools\MSVC\14.10.25017\include\stdint.h(51): warning C4005: 'INT64_MIN': macro redefinition
  E:\Dropbox\src\halflifeadmin\S-line\dlls\amxdll\amx.h(33): note: see previous definition of 'INT64_MIN'
C:\Program Files (x86)\Microsoft Visual Studio\2017\Community\VC\Tools\MSVC\14.10.25017\include\stdint.h(55): warning C4005: 'INT64_MAX': macro redefinition
  E:\Dropbox\src\halflifeadmin\S-line\dlls\amxdll\amx.h(34): note: see previous definition of 'INT64_MAX'
admin_mod.cpp(331): warning C4996: 'stricmp': The POSIX name for this item is deprecated. Instead, use the ISO C and C++ conformant name: _stricmp. See online help for details.
  C:\Program Files (x86)\Windows Kits\10\Include\10.0.15063.0\ucrt\string.h(554): note: see declaration of 'stricmp'
admin_mod.cpp(338): warning C4996: 'stricmp': The POSIX name for this item is deprecated. Instead, use the ISO C and C++ conformant name: _stricmp. See online help for details.
  C:\Program Files (x86)\Windows Kits\10\Include\10.0.15063.0\ucrt\string.h(554): note: see declaration of 'stricmp'
admin_mod.cpp(343): warning C4996: 'stricmp': The POSIX name for this item is deprecated. Instead, use the ISO C and C++ conformant name: _stricmp. See online help for details.
  C:\Program Files (x86)\Windows Kits\10\Include\10.0.15063.0\ucrt\string.h(554): note: see declaration of 'stricmp'
admin_mod.cpp(353): warning C4996: 'stricmp': The POSIX name for this item is deprecated. Instead, use the ISO C and C++ conformant name: _stricmp. See online help for details.
  C:\Program Files (x86)\Windows Kits\10\Include\10.0.15063.0\ucrt\string.h(554): note: see declaration of 'stricmp'
admin_mod.cpp(365): warning C4996: 'stricmp': The POSIX name for this item is deprecated. Instead, use the ISO C and C++ conformant name: _stricmp. See online help for details.
  C:\Program Files (x86)\Windows Kits\10\Include\10.0.15063.0\ucrt\string.h(554): note: see declaration of 'stricmp'
admin_mod.cpp(368): warning C4996: 'stricmp': The POSIX name for this item is deprecated. Instead, use the ISO C and C++ conformant name: _stricmp. See online help for details.
  C:\Program Files (x86)\Windows Kits\10\Include\10.0.15063.0\ucrt\string.h(554): note: see declaration of 'stricmp'
  AmFSNode.cpp
  amutil.cpp
  authid.cpp
  cbase.cpp
E:\Dropbox\src\hlsdk-2.3-p4\multiplayer\engine\eiface.h(417): warning C4005: 'ARRAYSIZE': macro redefinition
  C:\Program Files (x86)\Windows Kits\10\Include\10.0.15063.0\um\winnt.h(1305): note: see previous definition of 'ARRAYSIZE'
E:\Dropbox\src\hlsdk-2.3-p4\multiplayer\dlls\util.h(249): warning C4091: 'typedef ': ignored on left of '' when no variable is declared
e:\dropbox\src\metamod-p-37\metamod\comp_dep.h(79): warning C4005: 'va_copy': macro redefinition
  C:\Program Files (x86)\Microsoft Visual Studio\2017\Community\VC\Tools\MSVC\14.10.25017\include\stdarg.h(20): note: see previous definition of 'va_copy'
e:\dropbox\src\metamod-p-37\metamod\osdep.h(214): warning C4005: 'sleep': macro redefinition
  e:\dropbox\src\halflifeadmin\s-line\dlls\adminmod\extdll.h(95): note: see previous definition of 'sleep'
e:\dropbox\src\metamod-p-37\metamod\osdep.h(223): warning C4005: 'strcasecmp': macro redefinition
  e:\dropbox\src\halflifeadmin\s-line\dlls\adminmod\extdll.h(96): note: see previous definition of 'strcasecmp'
  CLinkList.cpp
  CPlugin.cpp
E:\Dropbox\src\hlsdk-2.3-p4\multiplayer\engine\eiface.h(417): warning C4005: 'ARRAYSIZE': macro redefinition
  C:\Program Files (x86)\Windows Kits\10\Include\10.0.15063.0\um\winnt.h(1305): note: see previous definition of 'ARRAYSIZE'
E:\Dropbox\src\hlsdk-2.3-p4\multiplayer\dlls\util.h(249): warning C4091: 'typedef ': ignored on left of '' when no variable is declared
e:\dropbox\src\metamod-p-37\metamod\comp_dep.h(79): warning C4005: 'va_copy': macro redefinition
  C:\Program Files (x86)\Microsoft Visual Studio\2017\Community\VC\Tools\MSVC\14.10.25017\include\stdarg.h(20): note: see previous definition of 'va_copy'
e:\dropbox\src\metamod-p-37\metamod\osdep.h(214): warning C4005: 'sleep': macro redefinition
  e:\dropbox\src\halflifeadmin\s-line\dlls\adminmod\extdll.h(95): note: see previous definition of 'sleep'
e:\dropbox\src\metamod-p-37\metamod\osdep.h(223): warning C4005: 'strcasecmp': macro redefinition
  e:\dropbox\src\halflifeadmin\s-line\dlls\adminmod\extdll.h(96): note: see previous definition of 'strcasecmp'
CPlugin.cpp(256): warning C4996: 'stricmp': The POSIX name for this item is deprecated. Instead, use the ISO C and C++ conformant name: _stricmp. See online help for details.
  C:\Program Files (x86)\Windows Kits\10\Include\10.0.15063.0\ucrt\string.h(554): note: see declaration of 'stricmp'
  dll.cpp
E:\Dropbox\src\hlsdk-2.3-p4\multiplayer\engine\eiface.h(417): warning C4005: 'ARRAYSIZE': macro redefinition
  C:\Program Files (x86)\Windows Kits\10\Include\10.0.15063.0\um\winnt.h(1305): note: see previous definition of 'ARRAYSIZE'
E:\Dropbox\src\hlsdk-2.3-p4\multiplayer\dlls\util.h(249): warning C4091: 'typedef ': ignored on left of '' when no variable is declared
e:\dropbox\src\metamod-p-37\metamod\comp_dep.h(79): warning C4005: 'va_copy': macro redefinition
  C:\Program Files (x86)\Microsoft Visual Studio\2017\Community\VC\Tools\MSVC\14.10.25017\include\stdarg.h(20): note: see previous definition of 'va_copy'
e:\dropbox\src\metamod-p-37\metamod\osdep.h(214): warning C4005: 'sleep': macro redefinition
  e:\dropbox\src\halflifeadmin\s-line\dlls\adminmod\extdll.h(95): note: see previous definition of 'sleep'
e:\dropbox\src\metamod-p-37\metamod\osdep.h(223): warning C4005: 'strcasecmp': macro redefinition
  e:\dropbox\src\halflifeadmin\s-line\dlls\adminmod\extdll.h(96): note: see previous definition of 'strcasecmp'
dll.cpp(76): warning C4005: 'EXPORT': macro redefinition
  E:\Dropbox\src\hlsdk-2.3-p4\multiplayer\dlls\cbase.h(55): note: see previous definition of 'EXPORT'
  h_export.cpp
E:\Dropbox\src\hlsdk-2.3-p4\multiplayer\engine\eiface.h(417): warning C4005: 'ARRAYSIZE': macro redefinition
  C:\Program Files (x86)\Windows Kits\10\Include\10.0.15063.0\um\winnt.h(1305): note: see previous definition of 'ARRAYSIZE'
E:\Dropbox\src\hlsdk-2.3-p4\multiplayer\dlls\util.h(249): warning C4091: 'typedef ': ignored on left of '' when no variable is declared
e:\dropbox\src\metamod-p-37\metamod\comp_dep.h(79): warning C4005: 'va_copy': macro redefinition
  C:\Program Files (x86)\Microsoft Visual Studio\2017\Community\VC\Tools\MSVC\14.10.25017\include\stdarg.h(20): note: see previous definition of 'va_copy'
e:\dropbox\src\metamod-p-37\metamod\osdep.h(214): warning C4005: 'sleep': macro redefinition
  e:\dropbox\src\halflifeadmin\s-line\dlls\adminmod\extdll.h(95): note: see previous definition of 'sleep'
e:\dropbox\src\metamod-p-37\metamod\osdep.h(223): warning C4005: 'strcasecmp': macro redefinition
  e:\dropbox\src\halflifeadmin\s-line\dlls\adminmod\extdll.h(96): note: see previous definition of 'strcasecmp'
h_export.cpp(472): warning C4473: '_snprintf' : not enough arguments passed for format string
  h_export.cpp(472): note: placeholders and their parameters expect 2 variadic arguments, but 1 were provided
  h_export.cpp(472): note: the missing variadic argument 2 is required by format string '%s'
  statics.cpp
  sutils.cpp
  timer.cpp
E:\Dropbox\src\hlsdk-2.3-p4\multiplayer\engine\eiface.h(417): warning C4005: 'ARRAYSIZE': macro redefinition
  C:\Program Files (x86)\Windows Kits\10\Include\10.0.15063.0\um\winnt.h(1305): note: see previous definition of 'ARRAYSIZE'
E:\Dropbox\src\hlsdk-2.3-p4\multiplayer\dlls\util.h(249): warning C4091: 'typedef ': ignored on left of '' when no variable is declared
e:\dropbox\src\metamod-p-37\metamod\comp_dep.h(79): warning C4005: 'va_copy': macro redefinition
  C:\Program Files (x86)\Microsoft Visual Studio\2017\Community\VC\Tools\MSVC\14.10.25017\include\stdarg.h(20): note: see previous definition of 'va_copy'
e:\dropbox\src\metamod-p-37\metamod\osdep.h(214): warning C4005: 'sleep': macro redefinition
  e:\dropbox\src\halflifeadmin\s-line\dlls\adminmod\extdll.h(95): note: see previous definition of 'sleep'
e:\dropbox\src\metamod-p-37\metamod\osdep.h(223): warning C4005: 'strcasecmp': macro redefinition
  e:\dropbox\src\halflifeadmin\s-line\dlls\adminmod\extdll.h(96): note: see previous definition of 'strcasecmp'
  users.cpp
E:\Dropbox\src\hlsdk-2.3-p4\multiplayer\engine\eiface.h(417): warning C4005: 'ARRAYSIZE': macro redefinition
  C:\Program Files (x86)\Windows Kits\10\Include\10.0.15063.0\um\winnt.h(1305): note: see previous definition of 'ARRAYSIZE'
E:\Dropbox\src\hlsdk-2.3-p4\multiplayer\dlls\util.h(249): warning C4091: 'typedef ': ignored on left of '' when no variable is declared
e:\dropbox\src\metamod-p-37\metamod\comp_dep.h(79): warning C4005: 'va_copy': macro redefinition
  C:\Program Files (x86)\Microsoft Visual Studio\2017\Community\VC\Tools\MSVC\14.10.25017\include\stdarg.h(20): note: see previous definition of 'va_copy'
e:\dropbox\src\metamod-p-37\metamod\osdep.h(214): warning C4005: 'sleep': macro redefinition
  e:\dropbox\src\halflifeadmin\s-line\dlls\adminmod\extdll.h(95): note: see previous definition of 'sleep'
e:\dropbox\src\metamod-p-37\metamod\osdep.h(223): warning C4005: 'strcasecmp': macro redefinition
  e:\dropbox\src\halflifeadmin\s-line\dlls\adminmod\extdll.h(96): note: see previous definition of 'strcasecmp'
users.cpp(688): warning C4996: 'stricmp': The POSIX name for this item is deprecated. Instead, use the ISO C and C++ conformant name: _stricmp. See online help for details.
  C:\Program Files (x86)\Windows Kits\10\Include\10.0.15063.0\ucrt\string.h(554): note: see declaration of 'stricmp'
users.cpp(3059): warning C4996: 'strnicmp': The POSIX name for this item is deprecated. Instead, use the ISO C and C++ conformant name: _strnicmp. See online help for details.
  C:\Program Files (x86)\Windows Kits\10\Include\10.0.15063.0\ucrt\string.h(565): note: see declaration of 'strnicmp'
users.cpp(3139): warning C4996: 'stricmp': The POSIX name for this item is deprecated. Instead, use the ISO C and C++ conformant name: _stricmp. See online help for details.
  C:\Program Files (x86)\Windows Kits\10\Include\10.0.15063.0\ucrt\string.h(554): note: see declaration of 'stricmp'
users.cpp(3147): warning C4996: 'stricmp': The POSIX name for this item is deprecated. Instead, use the ISO C and C++ conformant name: _stricmp. See online help for details.
  C:\Program Files (x86)\Windows Kits\10\Include\10.0.15063.0\ucrt\string.h(554): note: see declaration of 'stricmp'
users.cpp(3772): warning C4996: 'stricmp': The POSIX name for this item is deprecated. Instead, use the ISO C and C++ conformant name: _stricmp. See online help for details.
  C:\Program Files (x86)\Windows Kits\10\Include\10.0.15063.0\ucrt\string.h(554): note: see declaration of 'stricmp'
  util.cpp
E:\Dropbox\src\hlsdk-2.3-p4\multiplayer\engine\eiface.h(417): warning C4005: 'ARRAYSIZE': macro redefinition
  C:\Program Files (x86)\Windows Kits\10\Include\10.0.15063.0\um\winnt.h(1305): note: see previous definition of 'ARRAYSIZE'
E:\Dropbox\src\hlsdk-2.3-p4\multiplayer\dlls\util.h(249): warning C4091: 'typedef ': ignored on left of '' when no variable is declared
e:\dropbox\src\metamod-p-37\metamod\comp_dep.h(79): warning C4005: 'va_copy': macro redefinition
  C:\Program Files (x86)\Microsoft Visual Studio\2017\Community\VC\Tools\MSVC\14.10.25017\include\stdarg.h(20): note: see previous definition of 'va_copy'
e:\dropbox\src\metamod-p-37\metamod\osdep.h(214): warning C4005: 'sleep': macro redefinition
  e:\dropbox\src\halflifeadmin\s-line\dlls\adminmod\extdll.h(95): note: see previous definition of 'sleep'
e:\dropbox\src\metamod-p-37\metamod\osdep.h(223): warning C4005: 'strcasecmp': macro redefinition
  e:\dropbox\src\halflifeadmin\s-line\dlls\adminmod\extdll.h(96): note: see previous definition of 'strcasecmp'
util.cpp(751): warning C4996: 'stricmp': The POSIX name for this item is deprecated. Instead, use the ISO C and C++ conformant name: _stricmp. See online help for details.
  C:\Program Files (x86)\Windows Kits\10\Include\10.0.15063.0\ucrt\string.h(554): note: see declaration of 'stricmp'
util.cpp(1197): warning C4996: 'stricmp': The POSIX name for this item is deprecated. Instead, use the ISO C and C++ conformant name: _stricmp. See online help for details.
  C:\Program Files (x86)\Windows Kits\10\Include\10.0.15063.0\ucrt\string.h(554): note: see declaration of 'stricmp'
  version.cpp
  Generating Code...
e:\dropbox\src\halflifeadmin\s-line\dlls\adminmod\admin_mod.cpp(1979): warning C4715: 'LoadScript': not all control paths return a value
  amlibc.c
  regex.c
regex.c(3629): warning C4477: 'printf' : format string '%x' requires an argument of type 'unsigned int', but variadic argument 1 has type 'unsigned char *'
regex.c(4003): warning C4477: 'printf' : format string '%x' requires an argument of type 'unsigned int', but variadic argument 1 has type 'const char *'
regex.c(4003): warning C4477: 'printf' : format string '%x' requires an argument of type 'unsigned int', but variadic argument 1 has type 'register_info_type'
regex.c(4003): warning C4477: 'printf' : format string '%x' requires an argument of type 'unsigned int', but variadic argument 1 has type 'unsigned char *'
regex.c(4139): warning C4477: 'printf' : format string '%x' requires an argument of type 'unsigned int', but variadic argument 2 has type 'unsigned char *'
regex.c(4142): warning C4477: 'printf' : format string '%x' requires an argument of type 'unsigned int', but variadic argument 1 has type 'const char *'
regex.c(4142): warning C4477: 'printf' : format string '%x' requires an argument of type 'unsigned int', but variadic argument 1 has type 'register_info_type'
regex.c(4142): warning C4477: 'printf' : format string '%x' requires an argument of type 'unsigned int', but variadic argument 1 has type 'unsigned char *'
regex.c(4142): warning C4477: 'printf' : format string '%x' requires an argument of type 'unsigned int', but variadic argument 1 has type 'void *'
regex.c(4165): warning C4477: 'printf' : format string '%x' requires an argument of type 'unsigned int', but variadic argument 2 has type 'unsigned char *'
regex.c(4197): warning C4477: 'printf' : format string '%x' requires an argument of type 'unsigned int', but variadic argument 1 has type 'const char *'
regex.c(4197): warning C4477: 'printf' : format string '%x' requires an argument of type 'unsigned int', but variadic argument 1 has type 'register_info_type'
regex.c(4197): warning C4477: 'printf' : format string '%x' requires an argument of type 'unsigned int', but variadic argument 1 has type 'unsigned char *'
regex.c(4344): warning C4477: 'printf' : format string '%u' requires an argument of type 'unsigned int', but variadic argument 1 has type 'fail_stack_elt_t'
regex.c(4344): warning C4477: 'printf' : format string '%x' requires an argument of type 'unsigned int', but variadic argument 1 has type 'const char *'
regex.c(4344): warning C4477: 'printf' : format string '%x' requires an argument of type 'unsigned int', but variadic argument 1 has type 'unsigned char *'
regex.c(4344): warning C4477: 'printf' : format string '%x' requires an argument of type 'unsigned int', but variadic argument 1 has type 'register_info_type'
regex.c(4352): warning C4477: 'printf' : format string '%x' requires an argument of type 'unsigned int', but variadic argument 1 has type 'unsigned char *'
regex.c(4364): warning C4477: 'printf' : format string '%x' requires an argument of type 'unsigned int', but variadic argument 1 has type 'unsigned char *'
regex.c(4383): warning C4477: 'printf' : format string '%x' requires an argument of type 'unsigned int', but variadic argument 1 has type 'const char *'
regex.c(4383): warning C4477: 'printf' : format string '%x' requires an argument of type 'unsigned int', but variadic argument 1 has type 'register_info_type'
regex.c(4395): warning C4477: 'printf' : format string '%x' requires an argument of type 'unsigned int', but variadic argument 1 has type 'const char *'
regex.c(4395): warning C4477: 'printf' : format string '%x' requires an argument of type 'unsigned int', but variadic argument 1 has type 'register_info_type'
regex.c(4413): warning C4477: 'printf' : format string '%x' requires an argument of type 'unsigned int', but variadic argument 1 has type 'unsigned char *'
regex.c(4419): warning C4477: 'printf' : format string '%x' requires an argument of type 'unsigned int', but variadic argument 1 has type 'unsigned char *'
regex.c(4438): warning C4477: 'printf' : format string '%x' requires an argument of type 'unsigned int', but variadic argument 1 has type 'unsigned char *'
regex.c(4456): warning C4477: 'printf' : format string '%x' requires an argument of type 'unsigned int', but variadic argument 1 has type 'unsigned char *'
regex.c(4603): warning C4477: 'printf' : format string '%u' requires an argument of type 'unsigned int', but variadic argument 1 has type 'fail_stack_elt_t'
regex.c(4603): warning C4477: 'printf' : format string '%x' requires an argument of type 'unsigned int', but variadic argument 1 has type 'const char *'
regex.c(4603): warning C4477: 'printf' : format string '%x' requires an argument of type 'unsigned int', but variadic argument 1 has type 'unsigned char *'
regex.c(4603): warning C4477: 'printf' : format string '%x' requires an argument of type 'unsigned int', but variadic argument 1 has type 'register_info_type'
  Generating Code...
C:\Program Files (x86)\Microsoft Visual Studio\2017\Community\Common7\IDE\VC\VCTargets\Microsoft.CppBuild.targets(1198,5): warning MSB8012: TargetPath(E:\Dropbox\src\halflifeadmin\S-line\dlls\adminmod\.\ReleaseMM\mp.dll) does not match the Linker's OutputFile property value (E:\Dropbox\src\halflifeadmin\S-line\dlls\adminmod\ReleaseMM\admin_MM.dll). This may cause your project to build incorrectly. To correct this, please make sure that $(OutDir), $(TargetName) and $(TargetExt) property values match the value specified in %(Link.OutputFile).
C:\Program Files (x86)\Microsoft Visual Studio\2017\Community\Common7\IDE\VC\VCTargets\Microsoft.CppBuild.targets(1200,5): warning MSB8012: TargetName(mp) does not match the Linker's OutputFile property value (admin_MM). This may cause your project to build incorrectly. To correct this, please make sure that $(OutDir), $(TargetName) and $(TargetExt) property values match the value specified in %(Link.OutputFile).
     Creating library .\ReleaseMM\admin_MM.lib and object .\ReleaseMM\admin_MM.exp
  mp.vcxproj -> E:\Dropbox\src\halflifeadmin\S-line\dlls\adminmod\.\ReleaseMM\mp.dll
