  amxconv_l.cpp
  admin_commands.cpp
c:\users\ryan\dropbox\src\halflifeadmin\s-line\dlls\adminmod\extdll.h(162): fatal error C1083: Cannot open include file: 'vector.h': No such file or directory
  admin_mod.cpp
c:\users\ryan\dropbox\src\halflifeadmin\s-line\dlls\adminmod\extdll.h(162): fatal error C1083: Cannot open include file: 'vector.h': No such file or directory
  AmFSNode.cpp
AmFSNode.cpp(71): warning C4996: 'strncpy': This function or variable may be unsafe. Consider using strncpy_s instead. To disable deprecation, use _CRT_SECURE_NO_WARNINGS. See online help for details.
  C:\Program Files (x86)\Windows Kits\10\Include\10.0.10240.0\ucrt\string.h(346): note: see declaration of 'strncpy'
AmFSNode.cpp(99): warning C4996: 'strncpy': This function or variable may be unsafe. Consider using strncpy_s instead. To disable deprecation, use _CRT_SECURE_NO_WARNINGS. See online help for details.
  C:\Program Files (x86)\Windows Kits\10\Include\10.0.10240.0\ucrt\string.h(346): note: see declaration of 'strncpy'
AmFSNode.cpp(139): warning C4996: 'strncpy': This function or variable may be unsafe. Consider using strncpy_s instead. To disable deprecation, use _CRT_SECURE_NO_WARNINGS. See online help for details.
  C:\Program Files (x86)\Windows Kits\10\Include\10.0.10240.0\ucrt\string.h(346): note: see declaration of 'strncpy'
AmFSNode.cpp(332): warning C4996: 'strcpy': This function or variable may be unsafe. Consider using strcpy_s instead. To disable deprecation, use _CRT_SECURE_NO_WARNINGS. See online help for details.
  C:\Program Files (x86)\Windows Kits\10\Include\10.0.10240.0\ucrt\string.h(119): note: see declaration of 'strcpy'
AmFSNode.cpp(333): warning C4996: 'strcat': This function or variable may be unsafe. Consider using strcat_s instead. To disable deprecation, use _CRT_SECURE_NO_WARNINGS. See online help for details.
  C:\Program Files (x86)\Windows Kits\10\Include\10.0.10240.0\ucrt\string.h(90): note: see declaration of 'strcat'
AmFSNode.cpp(393): warning C4996: 'strcpy': This function or variable may be unsafe. Consider using strcpy_s instead. To disable deprecation, use _CRT_SECURE_NO_WARNINGS. See online help for details.
  C:\Program Files (x86)\Windows Kits\10\Include\10.0.10240.0\ucrt\string.h(119): note: see declaration of 'strcpy'
AmFSNode.cpp(394): warning C4996: 'strcat': This function or variable may be unsafe. Consider using strcat_s instead. To disable deprecation, use _CRT_SECURE_NO_WARNINGS. See online help for details.
  C:\Program Files (x86)\Windows Kits\10\Include\10.0.10240.0\ucrt\string.h(90): note: see declaration of 'strcat'
  amutil.cpp
c:\users\ryan\dropbox\src\halflifeadmin\s-line\dlls\adminmod\amutil.h(53): fatal error C1083: Cannot open include file: 'cvardef.h': No such file or directory
  authid.cpp
  cbase.cpp
c:\users\ryan\dropbox\src\halflifeadmin\s-line\dlls\adminmod\extdll.h(162): fatal error C1083: Cannot open include file: 'vector.h': No such file or directory
  CLinkList.cpp
  CPlugin.cpp
c:\users\ryan\dropbox\src\halflifeadmin\s-line\dlls\adminmod\extdll.h(162): fatal error C1083: Cannot open include file: 'vector.h': No such file or directory
  dll.cpp
c:\users\ryan\dropbox\src\halflifeadmin\s-line\dlls\adminmod\amutil.h(53): fatal error C1083: Cannot open include file: 'cvardef.h': No such file or directory
  h_export.cpp
c:\users\ryan\dropbox\src\halflifeadmin\s-line\dlls\adminmod\extdll.h(162): fatal error C1083: Cannot open include file: 'vector.h': No such file or directory
  linkfunc.cpp
c:\users\ryan\dropbox\src\halflifeadmin\s-line\dlls\adminmod\extdll.h(162): fatal error C1083: Cannot open include file: 'vector.h': No such file or directory
  statics.cpp
  sutils.cpp
  timer.cpp
c:\users\ryan\dropbox\src\halflifeadmin\s-line\dlls\adminmod\extdll.h(162): fatal error C1083: Cannot open include file: 'vector.h': No such file or directory
  users.cpp
c:\users\ryan\dropbox\src\halflifeadmin\s-line\dlls\adminmod\extdll.h(162): fatal error C1083: Cannot open include file: 'vector.h': No such file or directory
  util.cpp
c:\users\ryan\dropbox\src\halflifeadmin\s-line\dlls\adminmod\extdll.h(162): fatal error C1083: Cannot open include file: 'vector.h': No such file or directory
  version.cpp
version.cpp(44): error C3688: invalid literal suffix '__TIME__'; literal operator or literal operator template 'operator ""__TIME__' not found
  Generating Code...
